{"/Users/prancky/Projects/101Digital/Invoice/App.js": {"path":"/Users/prancky/Projects/101Digital/Invoice/App.js","statementMap":{"0":{"start":{"line":29,"column":0},"end":{"line":29,"column":23}},"1":{"start":{"line":30,"column":30},"end":{"line":43,"column":1}},"2":{"start":{"line":31,"column":2},"end":{"line":42,"column":4}}},"fnMap":{"0":{"name":"(anonymous_0)","decl":{"start":{"line":30,"column":30},"end":{"line":30,"column":31}},"loc":{"start":{"line":30,"column":36},"end":{"line":43,"column":1}},"line":30}},"branchMap":{},"s":{"0":1,"1":1,"2":0},"f":{"0":0},"b":{},"_coverageSchema":"1a1c01bbd47fc00a2c39e90264f33305004495a9","hash":"984c62df136b44c439e4eba459dffad3b6ac69f9"}
,"/Users/prancky/Projects/101Digital/Invoice/src/components/Home/InvoiceCard/cardContent.js": {"path":"/Users/prancky/Projects/101Digital/Invoice/src/components/Home/InvoiceCard/cardContent.js","statementMap":{"0":{"start":{"line":12,"column":2},"end":{"line":35,"column":4}},"1":{"start":{"line":38,"column":15},"end":{"line":61,"column":2}}},"fnMap":{"0":{"name":"EditTask","decl":{"start":{"line":11,"column":24},"end":{"line":11,"column":32}},"loc":{"start":{"line":11,"column":40},"end":{"line":36,"column":1}},"line":11}},"branchMap":{},"s":{"0":0,"1":1},"f":{"0":0},"b":{},"_coverageSchema":"1a1c01bbd47fc00a2c39e90264f33305004495a9","hash":"fd23a3e817b200022d203ce17a6cf79679e43c31"}
,"/Users/prancky/Projects/101Digital/Invoice/src/components/Home/InvoiceCard/index.js": {"path":"/Users/prancky/Projects/101Digital/Invoice/src/components/Home/InvoiceCard/index.js","statementMap":{"0":{"start":{"line":10,"column":2},"end":{"line":24,"column":4}},"1":{"start":{"line":13,"column":21},"end":{"line":13,"column":47}},"2":{"start":{"line":27,"column":15},"end":{"line":47,"column":2}}},"fnMap":{"0":{"name":"Task","decl":{"start":{"line":9,"column":24},"end":{"line":9,"column":28}},"loc":{"start":{"line":9,"column":36},"end":{"line":25,"column":1}},"line":9},"1":{"name":"(anonymous_1)","decl":{"start":{"line":13,"column":15},"end":{"line":13,"column":16}},"loc":{"start":{"line":13,"column":21},"end":{"line":13,"column":47}},"line":13}},"branchMap":{},"s":{"0":0,"1":0,"2":1},"f":{"0":0,"1":0},"b":{},"_coverageSchema":"1a1c01bbd47fc00a2c39e90264f33305004495a9","hash":"6260dcef434c30ad65f98ee1a0fad09f063d8e93"}
,"/Users/prancky/Projects/101Digital/Invoice/src/config/consts.js": {"path":"/Users/prancky/Projects/101Digital/Invoice/src/config/consts.js","statementMap":{"0":{"start":{"line":1,"column":23},"end":{"line":1,"column":55}},"1":{"start":{"line":2,"column":28},"end":{"line":2,"column":112}}},"fnMap":{},"branchMap":{},"s":{"0":3,"1":3},"f":{},"b":{},"_coverageSchema":"1a1c01bbd47fc00a2c39e90264f33305004495a9","hash":"613644bcc6e150b16fb133ea1490c8c4b1cfe130"}
,"/Users/prancky/Projects/101Digital/Invoice/src/connection/connector.js": {"path":"/Users/prancky/Projects/101Digital/Invoice/src/connection/connector.js","statementMap":{"0":{"start":{"line":3,"column":16},"end":{"line":15,"column":1}},"1":{"start":{"line":4,"column":2},"end":{"line":14,"column":7}},"2":{"start":{"line":6,"column":6},"end":{"line":10,"column":7}},"3":{"start":{"line":7,"column":8},"end":{"line":7,"column":46}},"4":{"start":{"line":9,"column":8},"end":{"line":9,"column":19}},"5":{"start":{"line":13,"column":6},"end":{"line":13,"column":32}},"6":{"start":{"line":17,"column":29},"end":{"line":26,"column":1}},"7":{"start":{"line":18,"column":21},"end":{"line":18,"column":26}},"8":{"start":{"line":19,"column":2},"end":{"line":25,"column":3}},"9":{"start":{"line":20,"column":4},"end":{"line":20,"column":26}},"10":{"start":{"line":21,"column":9},"end":{"line":25,"column":3}},"11":{"start":{"line":22,"column":4},"end":{"line":22,"column":24}},"12":{"start":{"line":24,"column":4},"end":{"line":24,"column":24}},"13":{"start":{"line":28,"column":19},"end":{"line":28,"column":72}},"14":{"start":{"line":28,"column":36},"end":{"line":28,"column":72}},"15":{"start":{"line":30,"column":20},"end":{"line":31,"column":45}},"16":{"start":{"line":31,"column":2},"end":{"line":31,"column":45}}},"fnMap":{"0":{"name":"(anonymous_0)","decl":{"start":{"line":3,"column":16},"end":{"line":3,"column":17}},"loc":{"start":{"line":3,"column":36},"end":{"line":15,"column":1}},"line":3},"1":{"name":"(anonymous_1)","decl":{"start":{"line":5,"column":10},"end":{"line":5,"column":11}},"loc":{"start":{"line":5,"column":17},"end":{"line":11,"column":5}},"line":5},"2":{"name":"(anonymous_2)","decl":{"start":{"line":12,"column":11},"end":{"line":12,"column":12}},"loc":{"start":{"line":12,"column":18},"end":{"line":14,"column":5}},"line":12},"3":{"name":"(anonymous_3)","decl":{"start":{"line":17,"column":29},"end":{"line":17,"column":30}},"loc":{"start":{"line":17,"column":38},"end":{"line":26,"column":1}},"line":17},"4":{"name":"(anonymous_4)","decl":{"start":{"line":28,"column":19},"end":{"line":28,"column":20}},"loc":{"start":{"line":28,"column":36},"end":{"line":28,"column":72}},"line":28},"5":{"name":"(anonymous_5)","decl":{"start":{"line":30,"column":20},"end":{"line":30,"column":21}},"loc":{"start":{"line":31,"column":2},"end":{"line":31,"column":45}},"line":31}},"branchMap":{"0":{"loc":{"start":{"line":6,"column":6},"end":{"line":10,"column":7}},"type":"if","locations":[{"start":{"line":6,"column":6},"end":{"line":10,"column":7}},{"start":{"line":6,"column":6},"end":{"line":10,"column":7}}],"line":6},"1":{"loc":{"start":{"line":6,"column":10},"end":{"line":6,"column":69}},"type":"binary-expr","locations":[{"start":{"line":6,"column":10},"end":{"line":6,"column":23}},{"start":{"line":6,"column":27},"end":{"line":6,"column":48}},{"start":{"line":6,"column":52},"end":{"line":6,"column":69}}],"line":6},"2":{"loc":{"start":{"line":19,"column":2},"end":{"line":25,"column":3}},"type":"if","locations":[{"start":{"line":19,"column":2},"end":{"line":25,"column":3}},{"start":{"line":19,"column":2},"end":{"line":25,"column":3}}],"line":19},"3":{"loc":{"start":{"line":19,"column":6},"end":{"line":19,"column":41}},"type":"binary-expr","locations":[{"start":{"line":19,"column":6},"end":{"line":19,"column":14}},{"start":{"line":19,"column":18},"end":{"line":19,"column":41}}],"line":19},"4":{"loc":{"start":{"line":21,"column":9},"end":{"line":25,"column":3}},"type":"if","locations":[{"start":{"line":21,"column":9},"end":{"line":25,"column":3}},{"start":{"line":21,"column":9},"end":{"line":25,"column":3}}],"line":21},"5":{"loc":{"start":{"line":21,"column":13},"end":{"line":21,"column":38}},"type":"binary-expr","locations":[{"start":{"line":21,"column":13},"end":{"line":21,"column":21}},{"start":{"line":21,"column":25},"end":{"line":21,"column":38}}],"line":21}},"s":{"0":3,"1":2,"2":1,"3":0,"4":1,"5":1,"6":3,"7":1,"8":1,"9":1,"10":0,"11":0,"12":0,"13":3,"14":1,"15":3,"16":1},"f":{"0":2,"1":1,"2":1,"3":1,"4":1,"5":1},"b":{"0":[0,1],"1":[1,0,0],"2":[1,0],"3":[1,1],"4":[0,0],"5":[0,0]},"_coverageSchema":"1a1c01bbd47fc00a2c39e90264f33305004495a9","hash":"f7a7b7b60270ab8a2721f803bc1de5f171a770c9"}
,"/Users/prancky/Projects/101Digital/Invoice/src/connection/index.js": {"path":"/Users/prancky/Projects/101Digital/Invoice/src/connection/index.js","statementMap":{"0":{"start":{"line":9,"column":23},"end":{"line":33,"column":1}},"1":{"start":{"line":10,"column":2},"end":{"line":32,"column":3}},"2":{"start":{"line":11,"column":24},"end":{"line":11,"column":65}},"3":{"start":{"line":13,"column":21},"end":{"line":19,"column":6}},"4":{"start":{"line":20,"column":4},"end":{"line":29,"column":5}},"5":{"start":{"line":21,"column":21},"end":{"line":21,"column":29}},"6":{"start":{"line":22,"column":6},"end":{"line":26,"column":7}},"7":{"start":{"line":23,"column":8},"end":{"line":23,"column":20}},"8":{"start":{"line":25,"column":8},"end":{"line":25,"column":34}},"9":{"start":{"line":28,"column":6},"end":{"line":28,"column":32}},"10":{"start":{"line":31,"column":4},"end":{"line":31,"column":24}},"11":{"start":{"line":39,"column":24},"end":{"line":64,"column":1}},"12":{"start":{"line":40,"column":2},"end":{"line":63,"column":3}},"13":{"start":{"line":41,"column":24},"end":{"line":41,"column":65}},"14":{"start":{"line":43,"column":21},"end":{"line":49,"column":6}},"15":{"start":{"line":51,"column":4},"end":{"line":60,"column":5}},"16":{"start":{"line":52,"column":21},"end":{"line":52,"column":29}},"17":{"start":{"line":53,"column":6},"end":{"line":57,"column":7}},"18":{"start":{"line":54,"column":8},"end":{"line":54,"column":24}},"19":{"start":{"line":56,"column":8},"end":{"line":56,"column":34}},"20":{"start":{"line":59,"column":6},"end":{"line":59,"column":32}},"21":{"start":{"line":62,"column":4},"end":{"line":62,"column":24}},"22":{"start":{"line":70,"column":24},"end":{"line":92,"column":1}},"23":{"start":{"line":71,"column":2},"end":{"line":91,"column":3}},"24":{"start":{"line":72,"column":21},"end":{"line":77,"column":6}},"25":{"start":{"line":79,"column":4},"end":{"line":88,"column":5}},"26":{"start":{"line":80,"column":21},"end":{"line":80,"column":29}},"27":{"start":{"line":81,"column":6},"end":{"line":85,"column":7}},"28":{"start":{"line":82,"column":8},"end":{"line":82,"column":20}},"29":{"start":{"line":84,"column":8},"end":{"line":84,"column":34}},"30":{"start":{"line":87,"column":6},"end":{"line":87,"column":32}},"31":{"start":{"line":90,"column":4},"end":{"line":90,"column":24}}},"fnMap":{"0":{"name":"(anonymous_0)","decl":{"start":{"line":9,"column":23},"end":{"line":9,"column":24}},"loc":{"start":{"line":9,"column":37},"end":{"line":33,"column":1}},"line":9},"1":{"name":"(anonymous_1)","decl":{"start":{"line":39,"column":24},"end":{"line":39,"column":25}},"loc":{"start":{"line":39,"column":38},"end":{"line":64,"column":1}},"line":39},"2":{"name":"(anonymous_2)","decl":{"start":{"line":70,"column":24},"end":{"line":70,"column":25}},"loc":{"start":{"line":70,"column":38},"end":{"line":92,"column":1}},"line":70}},"branchMap":{"0":{"loc":{"start":{"line":20,"column":4},"end":{"line":29,"column":5}},"type":"if","locations":[{"start":{"line":20,"column":4},"end":{"line":29,"column":5}},{"start":{"line":20,"column":4},"end":{"line":29,"column":5}}],"line":20},"1":{"loc":{"start":{"line":22,"column":6},"end":{"line":26,"column":7}},"type":"if","locations":[{"start":{"line":22,"column":6},"end":{"line":26,"column":7}},{"start":{"line":22,"column":6},"end":{"line":26,"column":7}}],"line":22},"2":{"loc":{"start":{"line":51,"column":4},"end":{"line":60,"column":5}},"type":"if","locations":[{"start":{"line":51,"column":4},"end":{"line":60,"column":5}},{"start":{"line":51,"column":4},"end":{"line":60,"column":5}}],"line":51},"3":{"loc":{"start":{"line":53,"column":6},"end":{"line":57,"column":7}},"type":"if","locations":[{"start":{"line":53,"column":6},"end":{"line":57,"column":7}},{"start":{"line":53,"column":6},"end":{"line":57,"column":7}}],"line":53},"4":{"loc":{"start":{"line":79,"column":4},"end":{"line":88,"column":5}},"type":"if","locations":[{"start":{"line":79,"column":4},"end":{"line":88,"column":5}},{"start":{"line":79,"column":4},"end":{"line":88,"column":5}}],"line":79},"5":{"loc":{"start":{"line":81,"column":6},"end":{"line":85,"column":7}},"type":"if","locations":[{"start":{"line":81,"column":6},"end":{"line":85,"column":7}},{"start":{"line":81,"column":6},"end":{"line":85,"column":7}}],"line":81}},"s":{"0":3,"1":1,"2":1,"3":1,"4":0,"5":0,"6":0,"7":0,"8":0,"9":0,"10":1,"11":3,"12":0,"13":0,"14":0,"15":0,"16":0,"17":0,"18":0,"19":0,"20":0,"21":0,"22":3,"23":1,"24":1,"25":1,"26":1,"27":1,"28":1,"29":0,"30":0,"31":0},"f":{"0":1,"1":0,"2":1},"b":{"0":[0,0],"1":[0,0],"2":[0,0],"3":[0,0],"4":[1,0],"5":[1,0]},"_coverageSchema":"1a1c01bbd47fc00a2c39e90264f33305004495a9","hash":"3af41a7966c35adcbe78e024d4b68a0d375d9a0e"}
,"/Users/prancky/Projects/101Digital/Invoice/src/connection/webHelper.js": {"path":"/Users/prancky/Projects/101Digital/Invoice/src/connection/webHelper.js","statementMap":{"0":{"start":{"line":3,"column":19},"end":{"line":3,"column":58}},"1":{"start":{"line":3,"column":36},"end":{"line":3,"column":58}},"2":{"start":{"line":5,"column":20},"end":{"line":5,"column":72}},"3":{"start":{"line":5,"column":43},"end":{"line":5,"column":72}}},"fnMap":{"0":{"name":"(anonymous_0)","decl":{"start":{"line":3,"column":19},"end":{"line":3,"column":20}},"loc":{"start":{"line":3,"column":36},"end":{"line":3,"column":58}},"line":3},"1":{"name":"(anonymous_1)","decl":{"start":{"line":5,"column":20},"end":{"line":5,"column":21}},"loc":{"start":{"line":5,"column":43},"end":{"line":5,"column":72}},"line":5}},"branchMap":{},"s":{"0":3,"1":1,"2":3,"3":1},"f":{"0":1,"1":1},"b":{},"_coverageSchema":"1a1c01bbd47fc00a2c39e90264f33305004495a9","hash":"e8590db9430570fc705cd986981c612251a05e65"}
,"/Users/prancky/Projects/101Digital/Invoice/src/navigations/NavigationContainer.js": {"path":"/Users/prancky/Projects/101Digital/Invoice/src/navigations/NavigationContainer.js","statementMap":{"0":{"start":{"line":26,"column":14},"end":{"line":26,"column":36}},"1":{"start":{"line":27,"column":15},"end":{"line":49,"column":1}},"2":{"start":{"line":28,"column":20},"end":{"line":28,"column":36}},"3":{"start":{"line":29,"column":2},"end":{"line":48,"column":4}},"4":{"start":{"line":35,"column":42},"end":{"line":35,"column":58}},"5":{"start":{"line":52,"column":2},"end":{"line":61,"column":4}},"6":{"start":{"line":56,"column":10},"end":{"line":56,"column":78}},"7":{"start":{"line":65,"column":2},"end":{"line":76,"column":4}},"8":{"start":{"line":69,"column":10},"end":{"line":69,"column":78}},"9":{"start":{"line":79,"column":22},"end":{"line":88,"column":1}}},"fnMap":{"0":{"name":"(anonymous_0)","decl":{"start":{"line":27,"column":15},"end":{"line":27,"column":16}},"loc":{"start":{"line":27,"column":50},"end":{"line":49,"column":1}},"line":27},"1":{"name":"(anonymous_1)","decl":{"start":{"line":35,"column":36},"end":{"line":35,"column":37}},"loc":{"start":{"line":35,"column":42},"end":{"line":35,"column":58}},"line":35},"2":{"name":"LoginStack","decl":{"start":{"line":51,"column":9},"end":{"line":51,"column":19}},"loc":{"start":{"line":51,"column":22},"end":{"line":62,"column":1}},"line":51},"3":{"name":"(anonymous_3)","decl":{"start":{"line":55,"column":16},"end":{"line":55,"column":17}},"loc":{"start":{"line":56,"column":10},"end":{"line":56,"column":78}},"line":56},"4":{"name":"RootStack","decl":{"start":{"line":64,"column":9},"end":{"line":64,"column":18}},"loc":{"start":{"line":64,"column":21},"end":{"line":77,"column":1}},"line":64},"5":{"name":"(anonymous_5)","decl":{"start":{"line":68,"column":16},"end":{"line":68,"column":17}},"loc":{"start":{"line":69,"column":10},"end":{"line":69,"column":78}},"line":69}},"branchMap":{"0":{"loc":{"start":{"line":34,"column":7},"end":{"line":46,"column":7}},"type":"cond-expr","locations":[{"start":{"line":35,"column":8},"end":{"line":35,"column":62}},{"start":{"line":37,"column":8},"end":{"line":45,"column":27}}],"line":34}},"s":{"0":1,"1":1,"2":0,"3":0,"4":0,"5":0,"6":0,"7":0,"8":0,"9":1},"f":{"0":0,"1":0,"2":0,"3":0,"4":0,"5":0},"b":{"0":[0,0]},"_coverageSchema":"1a1c01bbd47fc00a2c39e90264f33305004495a9","hash":"a2233ddb5045971848ab3622f90c6260e31e0239"}
,"/Users/prancky/Projects/101Digital/Invoice/src/redux/actions/authAction.js": {"path":"/Users/prancky/Projects/101Digital/Invoice/src/redux/actions/authAction.js","statementMap":{"0":{"start":{"line":10,"column":32},"end":{"line":40,"column":1}},"1":{"start":{"line":10,"column":48},"end":{"line":40,"column":1}},"2":{"start":{"line":11,"column":13},"end":{"line":14,"column":3}},"3":{"start":{"line":16,"column":14},"end":{"line":19,"column":3}},"4":{"start":{"line":20,"column":2},"end":{"line":39,"column":3}},"5":{"start":{"line":21,"column":19},"end":{"line":21,"column":40}},"6":{"start":{"line":23,"column":4},"end":{"line":26,"column":6}},"7":{"start":{"line":27,"column":4},"end":{"line":30,"column":7}},"8":{"start":{"line":31,"column":4},"end":{"line":33,"column":5}},"9":{"start":{"line":32,"column":6},"end":{"line":32,"column":26}},"10":{"start":{"line":35,"column":4},"end":{"line":38,"column":7}}},"fnMap":{"0":{"name":"(anonymous_0)","decl":{"start":{"line":10,"column":32},"end":{"line":10,"column":33}},"loc":{"start":{"line":10,"column":48},"end":{"line":40,"column":1}},"line":10},"1":{"name":"(anonymous_1)","decl":{"start":{"line":10,"column":48},"end":{"line":10,"column":49}},"loc":{"start":{"line":10,"column":66},"end":{"line":40,"column":1}},"line":10}},"branchMap":{"0":{"loc":{"start":{"line":10,"column":33},"end":{"line":10,"column":43}},"type":"default-arg","locations":[{"start":{"line":10,"column":39},"end":{"line":10,"column":43}}],"line":10},"1":{"loc":{"start":{"line":31,"column":4},"end":{"line":33,"column":5}},"type":"if","locations":[{"start":{"line":31,"column":4},"end":{"line":33,"column":5}},{"start":{"line":31,"column":4},"end":{"line":33,"column":5}}],"line":31}},"s":{"0":2,"1":1,"2":1,"3":1,"4":1,"5":1,"6":1,"7":1,"8":1,"9":0,"10":0},"f":{"0":1,"1":1},"b":{"0":[1],"1":[0,1]},"_coverageSchema":"1a1c01bbd47fc00a2c39e90264f33305004495a9","hash":"638f13d5205e757cf6223db935d3141bdb047435"}
,"/Users/prancky/Projects/101Digital/Invoice/src/redux/actions/invoiceAction.js": {"path":"/Users/prancky/Projects/101Digital/Invoice/src/redux/actions/invoiceAction.js","statementMap":{"0":{"start":{"line":17,"column":29},"end":{"line":57,"column":1}},"1":{"start":{"line":17,"column":51},"end":{"line":57,"column":1}},"2":{"start":{"line":18,"column":22},"end":{"line":18,"column":49}},"3":{"start":{"line":19,"column":2},"end":{"line":22,"column":5}},"4":{"start":{"line":23,"column":14},"end":{"line":25,"column":3}},"5":{"start":{"line":27,"column":2},"end":{"line":52,"column":3}},"6":{"start":{"line":28,"column":19},"end":{"line":28,"column":39}},"7":{"start":{"line":29,"column":4},"end":{"line":34,"column":5}},"8":{"start":{"line":30,"column":6},"end":{"line":33,"column":9}},"9":{"start":{"line":35,"column":4},"end":{"line":38,"column":7}},"10":{"start":{"line":39,"column":4},"end":{"line":42,"column":7}},"11":{"start":{"line":44,"column":4},"end":{"line":47,"column":5}},"12":{"start":{"line":45,"column":6},"end":{"line":45,"column":51}},"13":{"start":{"line":46,"column":6},"end":{"line":46,"column":28}},"14":{"start":{"line":48,"column":4},"end":{"line":51,"column":7}},"15":{"start":{"line":53,"column":2},"end":{"line":56,"column":5}},"16":{"start":{"line":63,"column":26},"end":{"line":106,"column":1}},"17":{"start":{"line":63,"column":49},"end":{"line":106,"column":1}},"18":{"start":{"line":64,"column":13},"end":{"line":83,"column":3}},"19":{"start":{"line":84,"column":14},"end":{"line":87,"column":3}},"20":{"start":{"line":89,"column":2},"end":{"line":105,"column":3}},"21":{"start":{"line":90,"column":19},"end":{"line":90,"column":40}},"22":{"start":{"line":91,"column":4},"end":{"line":94,"column":7}},"23":{"start":{"line":96,"column":4},"end":{"line":96,"column":19}},"24":{"start":{"line":97,"column":4},"end":{"line":100,"column":5}},"25":{"start":{"line":98,"column":6},"end":{"line":98,"column":51}},"26":{"start":{"line":99,"column":6},"end":{"line":99,"column":28}},"27":{"start":{"line":101,"column":4},"end":{"line":104,"column":7}},"28":{"start":{"line":111,"column":28},"end":{"line":120,"column":1}},"29":{"start":{"line":111,"column":34},"end":{"line":120,"column":1}},"30":{"start":{"line":112,"column":2},"end":{"line":115,"column":5}},"31":{"start":{"line":116,"column":2},"end":{"line":119,"column":5}}},"fnMap":{"0":{"name":"(anonymous_0)","decl":{"start":{"line":17,"column":29},"end":{"line":17,"column":30}},"loc":{"start":{"line":17,"column":51},"end":{"line":57,"column":1}},"line":17},"1":{"name":"(anonymous_1)","decl":{"start":{"line":17,"column":51},"end":{"line":17,"column":52}},"loc":{"start":{"line":17,"column":69},"end":{"line":57,"column":1}},"line":17},"2":{"name":"(anonymous_2)","decl":{"start":{"line":63,"column":26},"end":{"line":63,"column":27}},"loc":{"start":{"line":63,"column":49},"end":{"line":106,"column":1}},"line":63},"3":{"name":"(anonymous_3)","decl":{"start":{"line":63,"column":49},"end":{"line":63,"column":50}},"loc":{"start":{"line":63,"column":67},"end":{"line":106,"column":1}},"line":63},"4":{"name":"(anonymous_4)","decl":{"start":{"line":111,"column":28},"end":{"line":111,"column":29}},"loc":{"start":{"line":111,"column":34},"end":{"line":120,"column":1}},"line":111},"5":{"name":"(anonymous_5)","decl":{"start":{"line":111,"column":34},"end":{"line":111,"column":35}},"loc":{"start":{"line":111,"column":52},"end":{"line":120,"column":1}},"line":111}},"branchMap":{"0":{"loc":{"start":{"line":17,"column":36},"end":{"line":17,"column":46}},"type":"default-arg","locations":[{"start":{"line":17,"column":42},"end":{"line":17,"column":46}}],"line":17},"1":{"loc":{"start":{"line":29,"column":4},"end":{"line":34,"column":5}},"type":"if","locations":[{"start":{"line":29,"column":4},"end":{"line":34,"column":5}},{"start":{"line":29,"column":4},"end":{"line":34,"column":5}}],"line":29},"2":{"loc":{"start":{"line":44,"column":4},"end":{"line":47,"column":5}},"type":"if","locations":[{"start":{"line":44,"column":4},"end":{"line":47,"column":5}},{"start":{"line":44,"column":4},"end":{"line":47,"column":5}}],"line":44},"3":{"loc":{"start":{"line":44,"column":8},"end":{"line":44,"column":31}},"type":"binary-expr","locations":[{"start":{"line":44,"column":8},"end":{"line":44,"column":11}},{"start":{"line":44,"column":15},"end":{"line":44,"column":31}}],"line":44},"4":{"loc":{"start":{"line":63,"column":34},"end":{"line":63,"column":44}},"type":"default-arg","locations":[{"start":{"line":63,"column":40},"end":{"line":63,"column":44}}],"line":63},"5":{"loc":{"start":{"line":97,"column":4},"end":{"line":100,"column":5}},"type":"if","locations":[{"start":{"line":97,"column":4},"end":{"line":100,"column":5}},{"start":{"line":97,"column":4},"end":{"line":100,"column":5}}],"line":97},"6":{"loc":{"start":{"line":97,"column":8},"end":{"line":97,"column":31}},"type":"binary-expr","locations":[{"start":{"line":97,"column":8},"end":{"line":97,"column":11}},{"start":{"line":97,"column":15},"end":{"line":97,"column":31}}],"line":97}},"s":{"0":3,"1":1,"2":1,"3":1,"4":1,"5":1,"6":1,"7":0,"8":0,"9":0,"10":0,"11":1,"12":0,"13":0,"14":1,"15":1,"16":3,"17":0,"18":0,"19":0,"20":0,"21":0,"22":0,"23":0,"24":0,"25":0,"26":0,"27":0,"28":3,"29":0,"30":0,"31":0},"f":{"0":1,"1":1,"2":0,"3":0,"4":0,"5":0},"b":{"0":[1],"1":[0,0],"2":[0,1],"3":[1,0],"4":[0],"5":[0,0],"6":[0,0]},"_coverageSchema":"1a1c01bbd47fc00a2c39e90264f33305004495a9","hash":"b166ed809b823aa67dd9676c23a2a4030b8a9be6"}
,"/Users/prancky/Projects/101Digital/Invoice/src/redux/actions/type.js": {"path":"/Users/prancky/Projects/101Digital/Invoice/src/redux/actions/type.js","statementMap":{"0":{"start":{"line":1,"column":34},"end":{"line":1,"column":54}},"1":{"start":{"line":2,"column":36},"end":{"line":2,"column":58}},"2":{"start":{"line":3,"column":37},"end":{"line":3,"column":60}},"3":{"start":{"line":4,"column":27},"end":{"line":4,"column":40}},"4":{"start":{"line":5,"column":33},"end":{"line":5,"column":52}},"5":{"start":{"line":6,"column":24},"end":{"line":6,"column":34}},"6":{"start":{"line":7,"column":25},"end":{"line":7,"column":36}}},"fnMap":{},"branchMap":{},"s":{"0":5,"1":5,"2":5,"3":5,"4":5,"5":5,"6":5},"f":{},"b":{},"_coverageSchema":"1a1c01bbd47fc00a2c39e90264f33305004495a9","hash":"9135110bcaf25807bdf00912d359fbf1231b1033"}
,"/Users/prancky/Projects/101Digital/Invoice/src/redux/reducers/authReducer.js": {"path":"/Users/prancky/Projects/101Digital/Invoice/src/redux/reducers/authReducer.js","statementMap":{"0":{"start":{"line":2,"column":21},"end":{"line":4,"column":1}},"1":{"start":{"line":6,"column":20},"end":{"line":16,"column":1}},"2":{"start":{"line":7,"column":2},"end":{"line":15,"column":3}},"3":{"start":{"line":9,"column":6},"end":{"line":12,"column":8}},"4":{"start":{"line":14,"column":6},"end":{"line":14,"column":19}}},"fnMap":{"0":{"name":"(anonymous_0)","decl":{"start":{"line":6,"column":20},"end":{"line":6,"column":21}},"loc":{"start":{"line":6,"column":54},"end":{"line":16,"column":1}},"line":6}},"branchMap":{"0":{"loc":{"start":{"line":6,"column":21},"end":{"line":6,"column":41}},"type":"default-arg","locations":[{"start":{"line":6,"column":29},"end":{"line":6,"column":41}}],"line":6},"1":{"loc":{"start":{"line":7,"column":2},"end":{"line":15,"column":3}},"type":"switch","locations":[{"start":{"line":8,"column":4},"end":{"line":12,"column":8}},{"start":{"line":13,"column":4},"end":{"line":14,"column":19}}],"line":7}},"s":{"0":4,"1":4,"2":22,"3":2,"4":20},"f":{"0":22},"b":{"0":[13],"1":[2,20]},"_coverageSchema":"1a1c01bbd47fc00a2c39e90264f33305004495a9","hash":"3fc5e2e8dd88bd426259b41ee2f23aed2f184aa8"}
,"/Users/prancky/Projects/101Digital/Invoice/src/redux/reducers/index.js": {"path":"/Users/prancky/Projects/101Digital/Invoice/src/redux/reducers/index.js","statementMap":{"0":{"start":{"line":6,"column":19},"end":{"line":9,"column":2}},"1":{"start":{"line":11,"column":20},"end":{"line":13,"column":1}},"2":{"start":{"line":12,"column":2},"end":{"line":12,"column":35}}},"fnMap":{"0":{"name":"(anonymous_0)","decl":{"start":{"line":11,"column":20},"end":{"line":11,"column":21}},"loc":{"start":{"line":11,"column":39},"end":{"line":13,"column":1}},"line":11}},"branchMap":{},"s":{"0":3,"1":3,"2":14},"f":{"0":14},"b":{},"_coverageSchema":"1a1c01bbd47fc00a2c39e90264f33305004495a9","hash":"88e8f4df26e67a7a39409f05e0e1ffd3607ec079"}
,"/Users/prancky/Projects/101Digital/Invoice/src/redux/reducers/invoiceReducer.js": {"path":"/Users/prancky/Projects/101Digital/Invoice/src/redux/reducers/invoiceReducer.js","statementMap":{"0":{"start":{"line":8,"column":21},"end":{"line":14,"column":1}},"1":{"start":{"line":16,"column":23},"end":{"line":49,"column":1}},"2":{"start":{"line":17,"column":2},"end":{"line":48,"column":3}},"3":{"start":{"line":19,"column":6},"end":{"line":25,"column":8}},"4":{"start":{"line":27,"column":6},"end":{"line":30,"column":8}},"5":{"start":{"line":32,"column":6},"end":{"line":35,"column":8}},"6":{"start":{"line":37,"column":6},"end":{"line":40,"column":8}},"7":{"start":{"line":42,"column":6},"end":{"line":45,"column":8}},"8":{"start":{"line":47,"column":6},"end":{"line":47,"column":19}}},"fnMap":{"0":{"name":"(anonymous_0)","decl":{"start":{"line":16,"column":23},"end":{"line":16,"column":24}},"loc":{"start":{"line":16,"column":57},"end":{"line":49,"column":1}},"line":16}},"branchMap":{"0":{"loc":{"start":{"line":16,"column":24},"end":{"line":16,"column":44}},"type":"default-arg","locations":[{"start":{"line":16,"column":32},"end":{"line":16,"column":44}}],"line":16},"1":{"loc":{"start":{"line":17,"column":2},"end":{"line":48,"column":3}},"type":"switch","locations":[{"start":{"line":18,"column":4},"end":{"line":25,"column":8}},{"start":{"line":26,"column":4},"end":{"line":30,"column":8}},{"start":{"line":31,"column":4},"end":{"line":35,"column":8}},{"start":{"line":36,"column":4},"end":{"line":40,"column":8}},{"start":{"line":41,"column":4},"end":{"line":45,"column":8}},{"start":{"line":46,"column":4},"end":{"line":47,"column":19}}],"line":17},"2":{"loc":{"start":{"line":22,"column":10},"end":{"line":24,"column":55}},"type":"cond-expr","locations":[{"start":{"line":23,"column":14},"end":{"line":23,"column":16}},{"start":{"line":24,"column":14},"end":{"line":24,"column":55}}],"line":22}},"s":{"0":4,"1":4,"2":23,"3":1,"4":0,"5":1,"6":1,"7":2,"8":18},"f":{"0":23},"b":{"0":[14],"1":[1,0,1,1,2,18],"2":[0,1]},"_coverageSchema":"1a1c01bbd47fc00a2c39e90264f33305004495a9","hash":"2ab3ff064eb21bb6e9ce436cb54e4bf4e1616081"}
,"/Users/prancky/Projects/101Digital/Invoice/src/redux/store/store.js": {"path":"/Users/prancky/Projects/101Digital/Invoice/src/redux/store/store.js","statementMap":{"0":{"start":{"line":12,"column":22},"end":{"line":21,"column":1}},"1":{"start":{"line":24,"column":25},"end":{"line":24,"column":67}},"2":{"start":{"line":27,"column":14},"end":{"line":30,"column":1}},"3":{"start":{"line":33,"column":16},"end":{"line":33,"column":35}},"4":{"start":{"line":35,"column":20},"end":{"line":35,"column":27}}},"fnMap":{},"branchMap":{},"s":{"0":3,"1":3,"2":3,"3":3,"4":3},"f":{},"b":{},"_coverageSchema":"1a1c01bbd47fc00a2c39e90264f33305004495a9","hash":"45fd32a56545edeaee2c50fa6d916a3735ade7c0"}
,"/Users/prancky/Projects/101Digital/Invoice/src/redux/store/testHelper.js": {"path":"/Users/prancky/Projects/101Digital/Invoice/src/redux/store/testHelper.js","statementMap":{"0":{"start":{"line":5,"column":25},"end":{"line":10,"column":1}},"1":{"start":{"line":6,"column":36},"end":{"line":8,"column":3}},"2":{"start":{"line":9,"column":2},"end":{"line":9,"column":62}}},"fnMap":{"0":{"name":"(anonymous_0)","decl":{"start":{"line":5,"column":25},"end":{"line":5,"column":26}},"loc":{"start":{"line":5,"column":41},"end":{"line":10,"column":1}},"line":5}},"branchMap":{},"s":{"0":2,"1":2,"2":2},"f":{"0":2},"b":{},"_coverageSchema":"1a1c01bbd47fc00a2c39e90264f33305004495a9","hash":"8013210c74fc59e2a8f46062b8e5661a902375ff"}
,"/Users/prancky/Projects/101Digital/Invoice/src/screens/AppLoadingScreen.js": {"path":"/Users/prancky/Projects/101Digital/Invoice/src/screens/AppLoadingScreen.js","statementMap":{"0":{"start":{"line":15,"column":22},"end":{"line":15,"column":63}},"1":{"start":{"line":16,"column":4},"end":{"line":20,"column":5}},"2":{"start":{"line":17,"column":6},"end":{"line":17,"column":33}},"3":{"start":{"line":19,"column":6},"end":{"line":19,"column":35}},"4":{"start":{"line":22,"column":2},"end":{"line":24,"column":9}},"5":{"start":{"line":23,"column":4},"end":{"line":23,"column":28}},"6":{"start":{"line":26,"column":2},"end":{"line":30,"column":4}}},"fnMap":{"0":{"name":"AppLoadingScreen","decl":{"start":{"line":9,"column":9},"end":{"line":9,"column":25}},"loc":{"start":{"line":9,"column":40},"end":{"line":31,"column":1}},"line":9},"1":{"name":"navigationAsyncEffect","decl":{"start":{"line":14,"column":17},"end":{"line":14,"column":38}},"loc":{"start":{"line":14,"column":41},"end":{"line":21,"column":3}},"line":14},"2":{"name":"(anonymous_2)","decl":{"start":{"line":22,"column":12},"end":{"line":22,"column":13}},"loc":{"start":{"line":22,"column":18},"end":{"line":24,"column":3}},"line":22}},"branchMap":{"0":{"loc":{"start":{"line":16,"column":4},"end":{"line":20,"column":5}},"type":"if","locations":[{"start":{"line":16,"column":4},"end":{"line":20,"column":5}},{"start":{"line":16,"column":4},"end":{"line":20,"column":5}}],"line":16}},"s":{"0":0,"1":0,"2":0,"3":0,"4":0,"5":0,"6":0},"f":{"0":0,"1":0,"2":0},"b":{"0":[0,0]},"_coverageSchema":"1a1c01bbd47fc00a2c39e90264f33305004495a9","hash":"bf014655de8c8773487436a827a95df109cc258f"}
,"/Users/prancky/Projects/101Digital/Invoice/src/screens/HomeScreen.js": {"path":"/Users/prancky/Projects/101Digital/Invoice/src/screens/HomeScreen.js","statementMap":{"0":{"start":{"line":15,"column":24},"end":{"line":15,"column":48}},"1":{"start":{"line":31,"column":24},"end":{"line":31,"column":74}},"2":{"start":{"line":31,"column":45},"end":{"line":31,"column":73}},"3":{"start":{"line":32,"column":22},"end":{"line":32,"column":69}},"4":{"start":{"line":32,"column":43},"end":{"line":32,"column":68}},"5":{"start":{"line":33,"column":23},"end":{"line":33,"column":74}},"6":{"start":{"line":33,"column":44},"end":{"line":33,"column":73}},"7":{"start":{"line":34,"column":21},"end":{"line":34,"column":74}},"8":{"start":{"line":34,"column":42},"end":{"line":34,"column":73}},"9":{"start":{"line":35,"column":19},"end":{"line":35,"column":32}},"10":{"start":{"line":37,"column":43},"end":{"line":37,"column":55}},"11":{"start":{"line":38,"column":38},"end":{"line":38,"column":49}},"12":{"start":{"line":39,"column":38},"end":{"line":39,"column":53}},"13":{"start":{"line":40,"column":36},"end":{"line":40,"column":53}},"14":{"start":{"line":41,"column":26},"end":{"line":44,"column":4}},"15":{"start":{"line":46,"column":2},"end":{"line":48,"column":21}},"16":{"start":{"line":47,"column":4},"end":{"line":47,"column":36}},"17":{"start":{"line":50,"column":2},"end":{"line":52,"column":20}},"18":{"start":{"line":51,"column":4},"end":{"line":51,"column":31}},"19":{"start":{"line":54,"column":2},"end":{"line":58,"column":24}},"20":{"start":{"line":55,"column":4},"end":{"line":57,"column":5}},"21":{"start":{"line":56,"column":6},"end":{"line":56,"column":22}},"22":{"start":{"line":60,"column":2},"end":{"line":66,"column":22}},"23":{"start":{"line":61,"column":4},"end":{"line":65,"column":5}},"24":{"start":{"line":62,"column":6},"end":{"line":64,"column":7}},"25":{"start":{"line":63,"column":8},"end":{"line":63,"column":25}},"26":{"start":{"line":68,"column":24},"end":{"line":78,"column":3}},"27":{"start":{"line":69,"column":15},"end":{"line":75,"column":5}},"28":{"start":{"line":76,"column":4},"end":{"line":76,"column":34}},"29":{"start":{"line":77,"column":4},"end":{"line":77,"column":46}},"30":{"start":{"line":80,"column":18},"end":{"line":82,"column":3}},"31":{"start":{"line":81,"column":4},"end":{"line":81,"column":38}},"32":{"start":{"line":84,"column":23},"end":{"line":90,"column":3}},"33":{"start":{"line":85,"column":4},"end":{"line":89,"column":5}},"34":{"start":{"line":86,"column":6},"end":{"line":86,"column":48}},"35":{"start":{"line":88,"column":6},"end":{"line":88,"column":18}},"36":{"start":{"line":92,"column":21},"end":{"line":94,"column":3}},"37":{"start":{"line":93,"column":4},"end":{"line":93,"column":55}},"38":{"start":{"line":95,"column":23},"end":{"line":115,"column":3}},"39":{"start":{"line":96,"column":4},"end":{"line":114,"column":5}},"40":{"start":{"line":97,"column":6},"end":{"line":97,"column":38}},"41":{"start":{"line":99,"column":25},"end":{"line":111,"column":8}},"42":{"start":{"line":100,"column":8},"end":{"line":110,"column":10}},"43":{"start":{"line":113,"column":6},"end":{"line":113,"column":38}},"44":{"start":{"line":117,"column":2},"end":{"line":163,"column":4}},"45":{"start":{"line":132,"column":16},"end":{"line":132,"column":79}},"46":{"start":{"line":132,"column":47},"end":{"line":132,"column":63}},"47":{"start":{"line":134,"column":45},"end":{"line":134,"column":59}},"48":{"start":{"line":136,"column":16},"end":{"line":141,"column":17}},"49":{"start":{"line":140,"column":18},"end":{"line":140,"column":34}},"50":{"start":{"line":167,"column":15},"end":{"line":188,"column":2}}},"fnMap":{"0":{"name":"HomeScreen","decl":{"start":{"line":27,"column":9},"end":{"line":27,"column":19}},"loc":{"start":{"line":27,"column":34},"end":{"line":164,"column":1}},"line":27},"1":{"name":"(anonymous_1)","decl":{"start":{"line":31,"column":36},"end":{"line":31,"column":37}},"loc":{"start":{"line":31,"column":45},"end":{"line":31,"column":73}},"line":31},"2":{"name":"(anonymous_2)","decl":{"start":{"line":32,"column":34},"end":{"line":32,"column":35}},"loc":{"start":{"line":32,"column":43},"end":{"line":32,"column":68}},"line":32},"3":{"name":"(anonymous_3)","decl":{"start":{"line":33,"column":35},"end":{"line":33,"column":36}},"loc":{"start":{"line":33,"column":44},"end":{"line":33,"column":73}},"line":33},"4":{"name":"(anonymous_4)","decl":{"start":{"line":34,"column":33},"end":{"line":34,"column":34}},"loc":{"start":{"line":34,"column":42},"end":{"line":34,"column":73}},"line":34},"5":{"name":"(anonymous_5)","decl":{"start":{"line":46,"column":12},"end":{"line":46,"column":13}},"loc":{"start":{"line":46,"column":18},"end":{"line":48,"column":3}},"line":46},"6":{"name":"(anonymous_6)","decl":{"start":{"line":50,"column":12},"end":{"line":50,"column":13}},"loc":{"start":{"line":50,"column":18},"end":{"line":52,"column":3}},"line":50},"7":{"name":"(anonymous_7)","decl":{"start":{"line":54,"column":12},"end":{"line":54,"column":13}},"loc":{"start":{"line":54,"column":18},"end":{"line":58,"column":3}},"line":54},"8":{"name":"(anonymous_8)","decl":{"start":{"line":60,"column":12},"end":{"line":60,"column":13}},"loc":{"start":{"line":60,"column":18},"end":{"line":66,"column":3}},"line":60},"9":{"name":"(anonymous_9)","decl":{"start":{"line":68,"column":24},"end":{"line":68,"column":25}},"loc":{"start":{"line":68,"column":30},"end":{"line":78,"column":3}},"line":68},"10":{"name":"(anonymous_10)","decl":{"start":{"line":80,"column":18},"end":{"line":80,"column":19}},"loc":{"start":{"line":80,"column":24},"end":{"line":82,"column":3}},"line":80},"11":{"name":"(anonymous_11)","decl":{"start":{"line":84,"column":23},"end":{"line":84,"column":24}},"loc":{"start":{"line":84,"column":29},"end":{"line":90,"column":3}},"line":84},"12":{"name":"(anonymous_12)","decl":{"start":{"line":92,"column":21},"end":{"line":92,"column":22}},"loc":{"start":{"line":92,"column":31},"end":{"line":94,"column":3}},"line":92},"13":{"name":"(anonymous_13)","decl":{"start":{"line":95,"column":23},"end":{"line":95,"column":24}},"loc":{"start":{"line":95,"column":38},"end":{"line":115,"column":3}},"line":95},"14":{"name":"(anonymous_14)","decl":{"start":{"line":99,"column":45},"end":{"line":99,"column":46}},"loc":{"start":{"line":99,"column":54},"end":{"line":111,"column":7}},"line":99},"15":{"name":"(anonymous_15)","decl":{"start":{"line":131,"column":26},"end":{"line":131,"column":27}},"loc":{"start":{"line":132,"column":16},"end":{"line":132,"column":79}},"line":132},"16":{"name":"(anonymous_16)","decl":{"start":{"line":132,"column":39},"end":{"line":132,"column":40}},"loc":{"start":{"line":132,"column":47},"end":{"line":132,"column":63}},"line":132},"17":{"name":"(anonymous_17)","decl":{"start":{"line":134,"column":28},"end":{"line":134,"column":29}},"loc":{"start":{"line":134,"column":45},"end":{"line":134,"column":59}},"line":134},"18":{"name":"(anonymous_18)","decl":{"start":{"line":135,"column":28},"end":{"line":135,"column":29}},"loc":{"start":{"line":135,"column":34},"end":{"line":142,"column":15}},"line":135}},"branchMap":{"0":{"loc":{"start":{"line":55,"column":4},"end":{"line":57,"column":5}},"type":"if","locations":[{"start":{"line":55,"column":4},"end":{"line":57,"column":5}},{"start":{"line":55,"column":4},"end":{"line":57,"column":5}}],"line":55},"1":{"loc":{"start":{"line":61,"column":4},"end":{"line":65,"column":5}},"type":"if","locations":[{"start":{"line":61,"column":4},"end":{"line":65,"column":5}},{"start":{"line":61,"column":4},"end":{"line":65,"column":5}}],"line":61},"2":{"loc":{"start":{"line":62,"column":6},"end":{"line":64,"column":7}},"type":"if","locations":[{"start":{"line":62,"column":6},"end":{"line":64,"column":7}},{"start":{"line":62,"column":6},"end":{"line":64,"column":7}}],"line":62},"3":{"loc":{"start":{"line":85,"column":4},"end":{"line":89,"column":5}},"type":"if","locations":[{"start":{"line":85,"column":4},"end":{"line":89,"column":5}},{"start":{"line":85,"column":4},"end":{"line":89,"column":5}}],"line":85},"4":{"loc":{"start":{"line":96,"column":4},"end":{"line":114,"column":5}},"type":"if","locations":[{"start":{"line":96,"column":4},"end":{"line":114,"column":5}},{"start":{"line":96,"column":4},"end":{"line":114,"column":5}}],"line":96},"5":{"loc":{"start":{"line":101,"column":10},"end":{"line":109,"column":48}},"type":"binary-expr","locations":[{"start":{"line":101,"column":10},"end":{"line":101,"column":75}},{"start":{"line":102,"column":10},"end":{"line":102,"column":74}},{"start":{"line":103,"column":10},"end":{"line":103,"column":60}},{"start":{"line":104,"column":10},"end":{"line":104,"column":62}},{"start":{"line":105,"column":10},"end":{"line":105,"column":57}},{"start":{"line":106,"column":10},"end":{"line":106,"column":73}},{"start":{"line":107,"column":10},"end":{"line":109,"column":48}}],"line":101},"6":{"loc":{"start":{"line":125,"column":9},"end":{"line":148,"column":9}},"type":"binary-expr","locations":[{"start":{"line":125,"column":9},"end":{"line":125,"column":20}},{"start":{"line":125,"column":24},"end":{"line":125,"column":46}},{"start":{"line":126,"column":10},"end":{"line":147,"column":17}}],"line":125},"7":{"loc":{"start":{"line":136,"column":16},"end":{"line":141,"column":17}},"type":"if","locations":[{"start":{"line":136,"column":16},"end":{"line":141,"column":17}},{"start":{"line":136,"column":16},"end":{"line":141,"column":17}}],"line":136},"8":{"loc":{"start":{"line":137,"column":18},"end":{"line":138,"column":62}},"type":"binary-expr","locations":[{"start":{"line":137,"column":18},"end":{"line":137,"column":28}},{"start":{"line":138,"column":18},"end":{"line":138,"column":62}}],"line":137}},"s":{"0":1,"1":0,"2":0,"3":0,"4":0,"5":0,"6":0,"7":0,"8":0,"9":0,"10":0,"11":0,"12":0,"13":0,"14":0,"15":0,"16":0,"17":0,"18":0,"19":0,"20":0,"21":0,"22":0,"23":0,"24":0,"25":0,"26":0,"27":0,"28":0,"29":0,"30":0,"31":0,"32":0,"33":0,"34":0,"35":0,"36":0,"37":0,"38":0,"39":0,"40":0,"41":0,"42":0,"43":0,"44":0,"45":0,"46":0,"47":0,"48":0,"49":0,"50":1},"f":{"0":0,"1":0,"2":0,"3":0,"4":0,"5":0,"6":0,"7":0,"8":0,"9":0,"10":0,"11":0,"12":0,"13":0,"14":0,"15":0,"16":0,"17":0,"18":0},"b":{"0":[0,0],"1":[0,0],"2":[0,0],"3":[0,0],"4":[0,0],"5":[0,0,0,0,0,0,0],"6":[0,0,0],"7":[0,0],"8":[0,0]},"_coverageSchema":"1a1c01bbd47fc00a2c39e90264f33305004495a9","hash":"5729b7d4810f63b6717fad0e50a680f45aad9c54"}
,"/Users/prancky/Projects/101Digital/Invoice/src/screens/InvoiceAddScreen.js": {"path":"/Users/prancky/Projects/101Digital/Invoice/src/screens/InvoiceAddScreen.js","statementMap":{"0":{"start":{"line":18,"column":24},"end":{"line":18,"column":74}},"1":{"start":{"line":18,"column":45},"end":{"line":18,"column":73}},"2":{"start":{"line":20,"column":19},"end":{"line":20,"column":32}},"3":{"start":{"line":22,"column":40},"end":{"line":28,"column":4}},"4":{"start":{"line":29,"column":26},"end":{"line":33,"column":3}},"5":{"start":{"line":35,"column":2},"end":{"line":47,"column":22}},"6":{"start":{"line":36,"column":4},"end":{"line":46,"column":5}},"7":{"start":{"line":37,"column":6},"end":{"line":44,"column":7}},"8":{"start":{"line":38,"column":8},"end":{"line":42,"column":11}},"9":{"start":{"line":43,"column":8},"end":{"line":43,"column":28}},"10":{"start":{"line":45,"column":6},"end":{"line":45,"column":31}},"11":{"start":{"line":49,"column":22},"end":{"line":54,"column":3}},"12":{"start":{"line":50,"column":4},"end":{"line":53,"column":7}},"13":{"start":{"line":56,"column":17},"end":{"line":61,"column":4}},"14":{"start":{"line":63,"column":19},"end":{"line":110,"column":3}},"15":{"start":{"line":64,"column":27},"end":{"line":64,"column":55}},"16":{"start":{"line":65,"column":19},"end":{"line":65,"column":39}},"17":{"start":{"line":66,"column":18},"end":{"line":66,"column":37}},"18":{"start":{"line":68,"column":4},"end":{"line":109,"column":5}},"19":{"start":{"line":69,"column":6},"end":{"line":95,"column":7}},"20":{"start":{"line":70,"column":8},"end":{"line":74,"column":11}},"21":{"start":{"line":76,"column":8},"end":{"line":94,"column":9}},"22":{"start":{"line":77,"column":10},"end":{"line":81,"column":13}},"23":{"start":{"line":82,"column":15},"end":{"line":94,"column":9}},"24":{"start":{"line":83,"column":10},"end":{"line":87,"column":13}},"25":{"start":{"line":88,"column":15},"end":{"line":94,"column":9}},"26":{"start":{"line":89,"column":10},"end":{"line":93,"column":13}},"27":{"start":{"line":97,"column":17},"end":{"line":97,"column":28}},"28":{"start":{"line":98,"column":6},"end":{"line":98,"column":39}},"29":{"start":{"line":99,"column":6},"end":{"line":101,"column":30}},"30":{"start":{"line":102,"column":6},"end":{"line":104,"column":30}},"31":{"start":{"line":105,"column":6},"end":{"line":107,"column":30}},"32":{"start":{"line":108,"column":6},"end":{"line":108,"column":45}},"33":{"start":{"line":113,"column":28},"end":{"line":133,"column":3}},"34":{"start":{"line":114,"column":20},"end":{"line":114,"column":22}},"35":{"start":{"line":115,"column":4},"end":{"line":131,"column":5}},"36":{"start":{"line":115,"column":17},"end":{"line":115,"column":18}},"37":{"start":{"line":116,"column":17},"end":{"line":129,"column":7}},"38":{"start":{"line":130,"column":6},"end":{"line":130,"column":27}},"39":{"start":{"line":132,"column":4},"end":{"line":132,"column":21}},"40":{"start":{"line":136,"column":30},"end":{"line":147,"column":3}},"41":{"start":{"line":137,"column":15},"end":{"line":137,"column":17}},"42":{"start":{"line":139,"column":6},"end":{"line":141,"column":38}},"43":{"start":{"line":143,"column":4},"end":{"line":144,"column":75}},"44":{"start":{"line":143,"column":17},"end":{"line":143,"column":18}},"45":{"start":{"line":144,"column":6},"end":{"line":144,"column":75}},"46":{"start":{"line":146,"column":4},"end":{"line":146,"column":16}},"47":{"start":{"line":149,"column":2},"end":{"line":249,"column":4}},"48":{"start":{"line":162,"column":34},"end":{"line":162,"column":71}},"49":{"start":{"line":170,"column":34},"end":{"line":170,"column":63}},"50":{"start":{"line":238,"column":12},"end":{"line":238,"column":26}},"51":{"start":{"line":239,"column":12},"end":{"line":239,"column":41}}},"fnMap":{"0":{"name":"InvoiceAddScreen","decl":{"start":{"line":17,"column":9},"end":{"line":17,"column":25}},"loc":{"start":{"line":17,"column":40},"end":{"line":250,"column":1}},"line":17},"1":{"name":"(anonymous_1)","decl":{"start":{"line":18,"column":36},"end":{"line":18,"column":37}},"loc":{"start":{"line":18,"column":45},"end":{"line":18,"column":73}},"line":18},"2":{"name":"(anonymous_2)","decl":{"start":{"line":35,"column":12},"end":{"line":35,"column":13}},"loc":{"start":{"line":35,"column":18},"end":{"line":47,"column":3}},"line":35},"3":{"name":"(anonymous_3)","decl":{"start":{"line":49,"column":22},"end":{"line":49,"column":23}},"loc":{"start":{"line":49,"column":39},"end":{"line":54,"column":3}},"line":49},"4":{"name":"(anonymous_4)","decl":{"start":{"line":63,"column":19},"end":{"line":63,"column":20}},"loc":{"start":{"line":63,"column":25},"end":{"line":110,"column":3}},"line":63},"5":{"name":"(anonymous_5)","decl":{"start":{"line":113,"column":28},"end":{"line":113,"column":29}},"loc":{"start":{"line":113,"column":76},"end":{"line":133,"column":3}},"line":113},"6":{"name":"(anonymous_6)","decl":{"start":{"line":136,"column":30},"end":{"line":136,"column":31}},"loc":{"start":{"line":136,"column":48},"end":{"line":147,"column":3}},"line":136},"7":{"name":"(anonymous_7)","decl":{"start":{"line":162,"column":26},"end":{"line":162,"column":27}},"loc":{"start":{"line":162,"column":34},"end":{"line":162,"column":71}},"line":162},"8":{"name":"(anonymous_8)","decl":{"start":{"line":170,"column":26},"end":{"line":170,"column":27}},"loc":{"start":{"line":170,"column":34},"end":{"line":170,"column":63}},"line":170},"9":{"name":"(anonymous_9)","decl":{"start":{"line":237,"column":24},"end":{"line":237,"column":25}},"loc":{"start":{"line":237,"column":32},"end":{"line":240,"column":11}},"line":237}},"branchMap":{"0":{"loc":{"start":{"line":36,"column":4},"end":{"line":46,"column":5}},"type":"if","locations":[{"start":{"line":36,"column":4},"end":{"line":46,"column":5}},{"start":{"line":36,"column":4},"end":{"line":46,"column":5}}],"line":36},"1":{"loc":{"start":{"line":37,"column":6},"end":{"line":44,"column":7}},"type":"if","locations":[{"start":{"line":37,"column":6},"end":{"line":44,"column":7}},{"start":{"line":37,"column":6},"end":{"line":44,"column":7}}],"line":37},"2":{"loc":{"start":{"line":68,"column":4},"end":{"line":109,"column":5}},"type":"if","locations":[{"start":{"line":68,"column":4},"end":{"line":109,"column":5}},{"start":{"line":68,"column":4},"end":{"line":109,"column":5}}],"line":68},"3":{"loc":{"start":{"line":68,"column":8},"end":{"line":68,"column":50}},"type":"binary-expr","locations":[{"start":{"line":68,"column":8},"end":{"line":68,"column":25}},{"start":{"line":68,"column":29},"end":{"line":68,"column":38}},{"start":{"line":68,"column":42},"end":{"line":68,"column":50}}],"line":68},"4":{"loc":{"start":{"line":69,"column":6},"end":{"line":95,"column":7}},"type":"if","locations":[{"start":{"line":69,"column":6},"end":{"line":95,"column":7}},{"start":{"line":69,"column":6},"end":{"line":95,"column":7}}],"line":69},"5":{"loc":{"start":{"line":69,"column":10},"end":{"line":69,"column":52}},"type":"binary-expr","locations":[{"start":{"line":69,"column":10},"end":{"line":69,"column":27}},{"start":{"line":69,"column":31},"end":{"line":69,"column":40}},{"start":{"line":69,"column":44},"end":{"line":69,"column":52}}],"line":69},"6":{"loc":{"start":{"line":76,"column":8},"end":{"line":94,"column":9}},"type":"if","locations":[{"start":{"line":76,"column":8},"end":{"line":94,"column":9}},{"start":{"line":76,"column":8},"end":{"line":94,"column":9}}],"line":76},"7":{"loc":{"start":{"line":82,"column":15},"end":{"line":94,"column":9}},"type":"if","locations":[{"start":{"line":82,"column":15},"end":{"line":94,"column":9}},{"start":{"line":82,"column":15},"end":{"line":94,"column":9}}],"line":82},"8":{"loc":{"start":{"line":88,"column":15},"end":{"line":94,"column":9}},"type":"if","locations":[{"start":{"line":88,"column":15},"end":{"line":94,"column":9}},{"start":{"line":88,"column":15},"end":{"line":94,"column":9}}],"line":88},"9":{"loc":{"start":{"line":113,"column":29},"end":{"line":113,"column":71}},"type":"default-arg","locations":[{"start":{"line":113,"column":38},"end":{"line":113,"column":71}}],"line":113},"10":{"loc":{"start":{"line":139,"column":6},"end":{"line":141,"column":38}},"type":"cond-expr","locations":[{"start":{"line":140,"column":10},"end":{"line":140,"column":48}},{"start":{"line":141,"column":10},"end":{"line":141,"column":38}}],"line":139}},"s":{"0":0,"1":0,"2":0,"3":0,"4":0,"5":0,"6":0,"7":0,"8":0,"9":0,"10":0,"11":0,"12":0,"13":0,"14":0,"15":0,"16":0,"17":0,"18":0,"19":0,"20":0,"21":0,"22":0,"23":0,"24":0,"25":0,"26":0,"27":0,"28":0,"29":0,"30":0,"31":0,"32":0,"33":0,"34":0,"35":0,"36":0,"37":0,"38":0,"39":0,"40":0,"41":0,"42":0,"43":0,"44":0,"45":0,"46":0,"47":0,"48":0,"49":0,"50":0,"51":0},"f":{"0":0,"1":0,"2":0,"3":0,"4":0,"5":0,"6":0,"7":0,"8":0,"9":0},"b":{"0":[0,0],"1":[0,0],"2":[0,0],"3":[0,0,0],"4":[0,0],"5":[0,0,0],"6":[0,0],"7":[0,0],"8":[0,0],"9":[0],"10":[0,0]},"_coverageSchema":"1a1c01bbd47fc00a2c39e90264f33305004495a9","hash":"be45dd2fcbe4929df41da8ddbda4f6c5fb73f117"}
,"/Users/prancky/Projects/101Digital/Invoice/src/screens/InvoiceViewScreen.js": {"path":"/Users/prancky/Projects/101Digital/Invoice/src/screens/InvoiceViewScreen.js","statementMap":{"0":{"start":{"line":17,"column":17},"end":{"line":17,"column":29}},"1":{"start":{"line":19,"column":21},"end":{"line":29,"column":3}},"2":{"start":{"line":20,"column":4},"end":{"line":28,"column":7}},"3":{"start":{"line":21,"column":6},"end":{"line":27,"column":8}},"4":{"start":{"line":31,"column":2},"end":{"line":106,"column":4}},"5":{"start":{"line":109,"column":15},"end":{"line":141,"column":2}}},"fnMap":{"0":{"name":"InvoiceViewScreen","decl":{"start":{"line":16,"column":24},"end":{"line":16,"column":41}},"loc":{"start":{"line":16,"column":63},"end":{"line":107,"column":1}},"line":16},"1":{"name":"(anonymous_1)","decl":{"start":{"line":19,"column":21},"end":{"line":19,"column":22}},"loc":{"start":{"line":19,"column":29},"end":{"line":29,"column":3}},"line":19},"2":{"name":"(anonymous_2)","decl":{"start":{"line":20,"column":20},"end":{"line":20,"column":21}},"loc":{"start":{"line":20,"column":32},"end":{"line":28,"column":5}},"line":20}},"branchMap":{"0":{"loc":{"start":{"line":101,"column":13},"end":{"line":101,"column":77}},"type":"binary-expr","locations":[{"start":{"line":101,"column":13},"end":{"line":101,"column":24}},{"start":{"line":101,"column":28},"end":{"line":101,"column":50}},{"start":{"line":101,"column":54},"end":{"line":101,"column":77}}],"line":101}},"s":{"0":0,"1":0,"2":0,"3":0,"4":0,"5":1},"f":{"0":0,"1":0,"2":0},"b":{"0":[0,0,0]},"_coverageSchema":"1a1c01bbd47fc00a2c39e90264f33305004495a9","hash":"243ba5df0d0344a9d59da02f9ebc799dafebeeed"}
,"/Users/prancky/Projects/101Digital/Invoice/src/screens/SignInScreen.js": {"path":"/Users/prancky/Projects/101Digital/Invoice/src/screens/SignInScreen.js","statementMap":{"0":{"start":{"line":23,"column":19},"end":{"line":23,"column":32}},"1":{"start":{"line":25,"column":17},"end":{"line":27,"column":3}},"2":{"start":{"line":26,"column":4},"end":{"line":26,"column":43}},"3":{"start":{"line":29,"column":2},"end":{"line":38,"column":4}},"4":{"start":{"line":42,"column":15},"end":{"line":54,"column":2}}},"fnMap":{"0":{"name":"SignInScreen","decl":{"start":{"line":22,"column":9},"end":{"line":22,"column":21}},"loc":{"start":{"line":22,"column":36},"end":{"line":39,"column":1}},"line":22},"1":{"name":"(anonymous_1)","decl":{"start":{"line":25,"column":17},"end":{"line":25,"column":18}},"loc":{"start":{"line":25,"column":25},"end":{"line":27,"column":3}},"line":25}},"branchMap":{},"s":{"0":0,"1":0,"2":0,"3":0,"4":1},"f":{"0":0,"1":0},"b":{},"_coverageSchema":"1a1c01bbd47fc00a2c39e90264f33305004495a9","hash":"5879d470ed34d642607b96d15e1dbbe86788bde5"}
,"/Users/prancky/Projects/101Digital/Invoice/src/screens/index.js": {"path":"/Users/prancky/Projects/101Digital/Invoice/src/screens/index.js","statementMap":{},"fnMap":{},"branchMap":{},"s":{},"f":{},"b":{},"_coverageSchema":"1a1c01bbd47fc00a2c39e90264f33305004495a9","hash":"5631edf7e4022b5dbb4898f1836e6a2be3c0f29f"}
,"/Users/prancky/Projects/101Digital/Invoice/src/styles/Colors.js": {"path":"/Users/prancky/Projects/101Digital/Invoice/src/styles/Colors.js","statementMap":{"0":{"start":{"line":1,"column":15},"end":{"line":6,"column":1}}},"fnMap":{},"branchMap":{},"s":{"0":1},"f":{},"b":{},"_coverageSchema":"1a1c01bbd47fc00a2c39e90264f33305004495a9","hash":"a5f7c5d43d2072efc0fe89fe5ff5869e8c25e028"}
,"/Users/prancky/Projects/101Digital/Invoice/src/styles/Style.js": {"path":"/Users/prancky/Projects/101Digital/Invoice/src/styles/Style.js","statementMap":{"0":{"start":{"line":4,"column":24},"end":{"line":4,"column":48}},"1":{"start":{"line":6,"column":27},"end":{"line":55,"column":2}}},"fnMap":{},"branchMap":{},"s":{"0":1,"1":1},"f":{},"b":{},"_coverageSchema":"1a1c01bbd47fc00a2c39e90264f33305004495a9","hash":"6cb47f6880cb3fcafa92c63b5ce6524d47113c6a"}
}
