TN:
SF:App.js
FN:30,(anonymous_0)
FNF:1
FNH:0
FNDA:0,(anonymous_0)
DA:29,1
DA:30,1
DA:31,0
LF:3
LH:2
BRF:0
BRH:0
end_of_record
TN:
SF:src/components/Home/InvoiceCard/cardContent.js
FN:11,EditTask
FNF:1
FNH:0
FNDA:0,EditTask
DA:12,0
DA:38,1
LF:2
LH:1
BRF:0
BRH:0
end_of_record
TN:
SF:src/components/Home/InvoiceCard/index.js
FN:9,Task
FN:13,(anonymous_1)
FNF:2
FNH:0
FNDA:0,Task
FNDA:0,(anonymous_1)
DA:10,0
DA:13,0
DA:27,1
LF:3
LH:1
BRF:0
BRH:0
end_of_record
TN:
SF:src/config/consts.js
FNF:0
FNH:0
DA:1,3
DA:2,3
LF:2
LH:2
BRF:0
BRH:0
end_of_record
TN:
SF:src/connection/connector.js
FN:3,(anonymous_0)
FN:5,(anonymous_1)
FN:12,(anonymous_2)
FN:17,(anonymous_3)
FN:28,(anonymous_4)
FN:30,(anonymous_5)
FNF:6
FNH:6
FNDA:2,(anonymous_0)
FNDA:1,(anonymous_1)
FNDA:1,(anonymous_2)
FNDA:1,(anonymous_3)
FNDA:1,(anonymous_4)
FNDA:1,(anonymous_5)
DA:3,3
DA:4,2
DA:6,1
DA:7,0
DA:9,1
DA:13,1
DA:17,3
DA:18,1
DA:19,1
DA:20,1
DA:21,0
DA:22,0
DA:24,0
DA:28,3
DA:30,3
DA:31,1
LF:16
LH:12
BRDA:6,0,0,0
BRDA:6,0,1,1
BRDA:6,1,0,1
BRDA:6,1,1,0
BRDA:6,1,2,0
BRDA:19,2,0,1
BRDA:19,2,1,0
BRDA:19,3,0,1
BRDA:19,3,1,1
BRDA:21,4,0,0
BRDA:21,4,1,0
BRDA:21,5,0,0
BRDA:21,5,1,0
BRF:13
BRH:5
end_of_record
TN:
SF:src/connection/index.js
FN:9,(anonymous_0)
FN:39,(anonymous_1)
FN:70,(anonymous_2)
FNF:3
FNH:2
FNDA:1,(anonymous_0)
FNDA:0,(anonymous_1)
FNDA:1,(anonymous_2)
DA:9,3
DA:10,1
DA:11,1
DA:13,1
DA:20,0
DA:21,0
DA:22,0
DA:23,0
DA:25,0
DA:28,0
DA:31,1
DA:39,3
DA:40,0
DA:41,0
DA:43,0
DA:51,0
DA:52,0
DA:53,0
DA:54,0
DA:56,0
DA:59,0
DA:62,0
DA:70,3
DA:71,1
DA:72,1
DA:79,1
DA:80,1
DA:81,1
DA:82,1
DA:84,0
DA:87,0
DA:90,0
LF:32
LH:13
BRDA:20,0,0,0
BRDA:20,0,1,0
BRDA:22,1,0,0
BRDA:22,1,1,0
BRDA:51,2,0,0
BRDA:51,2,1,0
BRDA:53,3,0,0
BRDA:53,3,1,0
BRDA:79,4,0,1
BRDA:79,4,1,0
BRDA:81,5,0,1
BRDA:81,5,1,0
BRF:12
BRH:2
end_of_record
TN:
SF:src/connection/webHelper.js
FN:3,(anonymous_0)
FN:5,(anonymous_1)
FNF:2
FNH:2
FNDA:1,(anonymous_0)
FNDA:1,(anonymous_1)
DA:3,3
DA:5,3
LF:2
LH:2
BRF:0
BRH:0
end_of_record
TN:
SF:src/navigations/NavigationContainer.js
FN:27,(anonymous_0)
FN:35,(anonymous_1)
FN:51,LoginStack
FN:55,(anonymous_3)
FN:64,RootStack
FN:68,(anonymous_5)
FNF:6
FNH:0
FNDA:0,(anonymous_0)
FNDA:0,(anonymous_1)
FNDA:0,LoginStack
FNDA:0,(anonymous_3)
FNDA:0,RootStack
FNDA:0,(anonymous_5)
DA:26,1
DA:27,1
DA:28,0
DA:29,0
DA:35,0
DA:52,0
DA:56,0
DA:65,0
DA:69,0
DA:79,1
LF:10
LH:3
BRDA:34,0,0,0
BRDA:34,0,1,0
BRF:2
BRH:0
end_of_record
TN:
SF:src/redux/actions/authAction.js
FN:10,(anonymous_0)
FN:10,(anonymous_1)
FNF:2
FNH:2
FNDA:1,(anonymous_0)
FNDA:1,(anonymous_1)
DA:10,2
DA:11,1
DA:16,1
DA:20,1
DA:21,1
DA:23,1
DA:27,1
DA:31,1
DA:32,0
DA:35,0
LF:10
LH:8
BRDA:10,0,0,1
BRDA:31,1,0,0
BRDA:31,1,1,1
BRF:3
BRH:2
end_of_record
TN:
SF:src/redux/actions/invoiceAction.js
FN:17,(anonymous_0)
FN:17,(anonymous_1)
FN:63,(anonymous_2)
FN:63,(anonymous_3)
FN:111,(anonymous_4)
FN:111,(anonymous_5)
FNF:6
FNH:2
FNDA:1,(anonymous_0)
FNDA:1,(anonymous_1)
FNDA:0,(anonymous_2)
FNDA:0,(anonymous_3)
FNDA:0,(anonymous_4)
FNDA:0,(anonymous_5)
DA:17,3
DA:18,1
DA:19,1
DA:23,1
DA:27,1
DA:28,1
DA:29,0
DA:30,0
DA:35,0
DA:39,0
DA:44,1
DA:45,0
DA:46,0
DA:48,1
DA:53,1
DA:63,3
DA:64,0
DA:84,0
DA:89,0
DA:90,0
DA:91,0
DA:96,0
DA:97,0
DA:98,0
DA:99,0
DA:101,0
DA:111,3
DA:112,0
DA:116,0
LF:29
LH:11
BRDA:17,0,0,1
BRDA:29,1,0,0
BRDA:29,1,1,0
BRDA:44,2,0,0
BRDA:44,2,1,1
BRDA:44,3,0,1
BRDA:44,3,1,0
BRDA:63,4,0,0
BRDA:97,5,0,0
BRDA:97,5,1,0
BRDA:97,6,0,0
BRDA:97,6,1,0
BRF:12
BRH:3
end_of_record
TN:
SF:src/redux/actions/type.js
FNF:0
FNH:0
DA:1,5
DA:2,5
DA:3,5
DA:4,5
DA:5,5
DA:6,5
DA:7,5
LF:7
LH:7
BRF:0
BRH:0
end_of_record
TN:
SF:src/redux/reducers/authReducer.js
FN:6,(anonymous_0)
FNF:1
FNH:1
FNDA:22,(anonymous_0)
DA:2,4
DA:6,4
DA:7,22
DA:9,2
DA:14,20
LF:5
LH:5
BRDA:6,0,0,13
BRDA:7,1,0,2
BRDA:7,1,1,20
BRF:3
BRH:3
end_of_record
TN:
SF:src/redux/reducers/index.js
FN:11,(anonymous_0)
FNF:1
FNH:1
FNDA:14,(anonymous_0)
DA:6,3
DA:11,3
DA:12,14
LF:3
LH:3
BRF:0
BRH:0
end_of_record
TN:
SF:src/redux/reducers/invoiceReducer.js
FN:16,(anonymous_0)
FNF:1
FNH:1
FNDA:23,(anonymous_0)
DA:8,4
DA:16,4
DA:17,23
DA:19,1
DA:27,0
DA:32,1
DA:37,1
DA:42,2
DA:47,18
LF:9
LH:8
BRDA:16,0,0,14
BRDA:17,1,0,1
BRDA:17,1,1,0
BRDA:17,1,2,1
BRDA:17,1,3,1
BRDA:17,1,4,2
BRDA:17,1,5,18
BRDA:22,2,0,0
BRDA:22,2,1,1
BRF:9
BRH:7
end_of_record
TN:
SF:src/redux/store/store.js
FNF:0
FNH:0
DA:12,3
DA:24,3
DA:27,3
DA:33,3
DA:35,3
LF:5
LH:5
BRF:0
BRH:0
end_of_record
TN:
SF:src/redux/store/testHelper.js
FN:5,(anonymous_0)
FNF:1
FNH:1
FNDA:2,(anonymous_0)
DA:5,2
DA:6,2
DA:9,2
LF:3
LH:3
BRF:0
BRH:0
end_of_record
TN:
SF:src/screens/AppLoadingScreen.js
FN:9,AppLoadingScreen
FN:14,navigationAsyncEffect
FN:22,(anonymous_2)
FNF:3
FNH:0
FNDA:0,AppLoadingScreen
FNDA:0,navigationAsyncEffect
FNDA:0,(anonymous_2)
DA:15,0
DA:16,0
DA:17,0
DA:19,0
DA:22,0
DA:23,0
DA:26,0
LF:7
LH:0
BRDA:16,0,0,0
BRDA:16,0,1,0
BRF:2
BRH:0
end_of_record
TN:
SF:src/screens/HomeScreen.js
FN:27,HomeScreen
FN:31,(anonymous_1)
FN:32,(anonymous_2)
FN:33,(anonymous_3)
FN:34,(anonymous_4)
FN:46,(anonymous_5)
FN:50,(anonymous_6)
FN:54,(anonymous_7)
FN:60,(anonymous_8)
FN:68,(anonymous_9)
FN:80,(anonymous_10)
FN:84,(anonymous_11)
FN:92,(anonymous_12)
FN:95,(anonymous_13)
FN:99,(anonymous_14)
FN:131,(anonymous_15)
FN:132,(anonymous_16)
FN:134,(anonymous_17)
FN:135,(anonymous_18)
FNF:19
FNH:0
FNDA:0,HomeScreen
FNDA:0,(anonymous_1)
FNDA:0,(anonymous_2)
FNDA:0,(anonymous_3)
FNDA:0,(anonymous_4)
FNDA:0,(anonymous_5)
FNDA:0,(anonymous_6)
FNDA:0,(anonymous_7)
FNDA:0,(anonymous_8)
FNDA:0,(anonymous_9)
FNDA:0,(anonymous_10)
FNDA:0,(anonymous_11)
FNDA:0,(anonymous_12)
FNDA:0,(anonymous_13)
FNDA:0,(anonymous_14)
FNDA:0,(anonymous_15)
FNDA:0,(anonymous_16)
FNDA:0,(anonymous_17)
FNDA:0,(anonymous_18)
DA:15,1
DA:31,0
DA:32,0
DA:33,0
DA:34,0
DA:35,0
DA:37,0
DA:38,0
DA:39,0
DA:40,0
DA:41,0
DA:46,0
DA:47,0
DA:50,0
DA:51,0
DA:54,0
DA:55,0
DA:56,0
DA:60,0
DA:61,0
DA:62,0
DA:63,0
DA:68,0
DA:69,0
DA:76,0
DA:77,0
DA:80,0
DA:81,0
DA:84,0
DA:85,0
DA:86,0
DA:88,0
DA:92,0
DA:93,0
DA:95,0
DA:96,0
DA:97,0
DA:99,0
DA:100,0
DA:113,0
DA:117,0
DA:132,0
DA:134,0
DA:136,0
DA:140,0
DA:167,1
LF:46
LH:2
BRDA:55,0,0,0
BRDA:55,0,1,0
BRDA:61,1,0,0
BRDA:61,1,1,0
BRDA:62,2,0,0
BRDA:62,2,1,0
BRDA:85,3,0,0
BRDA:85,3,1,0
BRDA:96,4,0,0
BRDA:96,4,1,0
BRDA:101,5,0,0
BRDA:101,5,1,0
BRDA:101,5,2,0
BRDA:101,5,3,0
BRDA:101,5,4,0
BRDA:101,5,5,0
BRDA:101,5,6,0
BRDA:125,6,0,0
BRDA:125,6,1,0
BRDA:125,6,2,0
BRDA:136,7,0,0
BRDA:136,7,1,0
BRDA:137,8,0,0
BRDA:137,8,1,0
BRF:24
BRH:0
end_of_record
TN:
SF:src/screens/InvoiceAddScreen.js
FN:17,InvoiceAddScreen
FN:18,(anonymous_1)
FN:35,(anonymous_2)
FN:49,(anonymous_3)
FN:63,(anonymous_4)
FN:113,(anonymous_5)
FN:136,(anonymous_6)
FN:162,(anonymous_7)
FN:170,(anonymous_8)
FN:237,(anonymous_9)
FNF:10
FNH:0
FNDA:0,InvoiceAddScreen
FNDA:0,(anonymous_1)
FNDA:0,(anonymous_2)
FNDA:0,(anonymous_3)
FNDA:0,(anonymous_4)
FNDA:0,(anonymous_5)
FNDA:0,(anonymous_6)
FNDA:0,(anonymous_7)
FNDA:0,(anonymous_8)
FNDA:0,(anonymous_9)
DA:18,0
DA:20,0
DA:22,0
DA:29,0
DA:35,0
DA:36,0
DA:37,0
DA:38,0
DA:43,0
DA:45,0
DA:49,0
DA:50,0
DA:56,0
DA:63,0
DA:64,0
DA:65,0
DA:66,0
DA:68,0
DA:69,0
DA:70,0
DA:76,0
DA:77,0
DA:82,0
DA:83,0
DA:88,0
DA:89,0
DA:97,0
DA:98,0
DA:99,0
DA:102,0
DA:105,0
DA:108,0
DA:113,0
DA:114,0
DA:115,0
DA:116,0
DA:130,0
DA:132,0
DA:136,0
DA:137,0
DA:139,0
DA:143,0
DA:144,0
DA:146,0
DA:149,0
DA:162,0
DA:170,0
DA:238,0
DA:239,0
LF:49
LH:0
BRDA:36,0,0,0
BRDA:36,0,1,0
BRDA:37,1,0,0
BRDA:37,1,1,0
BRDA:68,2,0,0
BRDA:68,2,1,0
BRDA:68,3,0,0
BRDA:68,3,1,0
BRDA:68,3,2,0
BRDA:69,4,0,0
BRDA:69,4,1,0
BRDA:69,5,0,0
BRDA:69,5,1,0
BRDA:69,5,2,0
BRDA:76,6,0,0
BRDA:76,6,1,0
BRDA:82,7,0,0
BRDA:82,7,1,0
BRDA:88,8,0,0
BRDA:88,8,1,0
BRDA:113,9,0,0
BRDA:139,10,0,0
BRDA:139,10,1,0
BRF:23
BRH:0
end_of_record
TN:
SF:src/screens/InvoiceViewScreen.js
FN:16,InvoiceViewScreen
FN:19,(anonymous_1)
FN:20,(anonymous_2)
FNF:3
FNH:0
FNDA:0,InvoiceViewScreen
FNDA:0,(anonymous_1)
FNDA:0,(anonymous_2)
DA:17,0
DA:19,0
DA:20,0
DA:21,0
DA:31,0
DA:109,1
LF:6
LH:1
BRDA:101,0,0,0
BRDA:101,0,1,0
BRDA:101,0,2,0
BRF:3
BRH:0
end_of_record
TN:
SF:src/screens/SignInScreen.js
FN:22,SignInScreen
FN:25,(anonymous_1)
FNF:2
FNH:0
FNDA:0,SignInScreen
FNDA:0,(anonymous_1)
DA:23,0
DA:25,0
DA:26,0
DA:29,0
DA:42,1
LF:5
LH:1
BRF:0
BRH:0
end_of_record
TN:
SF:src/screens/index.js
FNF:0
FNH:0
LF:0
LH:0
BRF:0
BRH:0
end_of_record
TN:
SF:src/styles/Colors.js
FNF:0
FNH:0
DA:1,1
LF:1
LH:1
BRF:0
BRH:0
end_of_record
TN:
SF:src/styles/Style.js
FNF:0
FNH:0
DA:4,1
DA:6,1
LF:2
LH:2
BRF:0
BRH:0
end_of_record
